<?xml version="1.0" encoding="UTF-8"?>
<!-- Generated by org.testng.reporters.JUnitReportReporter -->
<testsuite hostname="DESKTOP-OR6VU5V" name="CheckBoxDemo.SpecejetCheckBox" tests="1" failures="0" timestamp="3 Aug 2020 14:27:53 GMT" time="17.581" errors="0">
  <testcase name="TestRadioBtn" time="17.581" classname="CheckBoxDemo.SpecejetCheckBox"/>
</testsuite> <!-- CheckBoxDemo.SpecejetCheckBox -->
