<?xml version="1.0" encoding="UTF-8"?>
<!-- Generated by org.testng.reporters.JUnitReportReporter -->
<testsuite hostname="DESKTOP-OR6VU5V" name="CheckBoxDemo.TestCheckboxs" tests="1" failures="0" timestamp="3 Aug 2020 14:42:45 GMT" time="8.098" errors="0">
  <testcase name="TestRadioBtn" time="8.098" classname="CheckBoxDemo.TestCheckboxs"/>
</testsuite> <!-- CheckBoxDemo.TestCheckboxs -->
